ERROR - 2024-02-16 02:21:08 --> mysqli_sql_exception: No database selected in /opt/lampp/htdocs/belajar-ci/vendor/codeigniter4/framework/system/Database/MySQLi/Connection.php:306
Stack trace:
#0 /opt/lampp/htdocs/belajar-ci/vendor/codeigniter4/framework/system/Database/MySQLi/Connection.php(306): mysqli->query('SELECT *\nFROM `...', 0)
#1 /opt/lampp/htdocs/belajar-ci/vendor/codeigniter4/framework/system/Database/BaseConnection.php(693): CodeIgniter\Database\MySQLi\Connection->execute('SELECT *\nFROM `...')
#2 /opt/lampp/htdocs/belajar-ci/vendor/codeigniter4/framework/system/Database/BaseConnection.php(607): CodeIgniter\Database\BaseConnection->simpleQuery('SELECT *\nFROM `...')
#3 /opt/lampp/htdocs/belajar-ci/vendor/codeigniter4/framework/system/Database/BaseBuilder.php(1616): CodeIgniter\Database\BaseConnection->query('SELECT *\nFROM `...', Array, false)
#4 /opt/lampp/htdocs/belajar-ci/vendor/codeigniter4/framework/system/Model.php(242): CodeIgniter\Database\BaseBuilder->get()
#5 /opt/lampp/htdocs/belajar-ci/vendor/codeigniter4/framework/system/BaseModel.php(638): CodeIgniter\Model->doFindAll(0, 0)
#6 /opt/lampp/htdocs/belajar-ci/app/Models/Barang_model.php(14): CodeIgniter\BaseModel->findAll()
#7 /opt/lampp/htdocs/belajar-ci/app/Controllers/Barang.php(14): App\Models\Barang_model->getBarang()
#8 /opt/lampp/htdocs/belajar-ci/vendor/codeigniter4/framework/system/CodeIgniter.php(941): App\Controllers\Barang->index()
#9 /opt/lampp/htdocs/belajar-ci/vendor/codeigniter4/framework/system/CodeIgniter.php(502): CodeIgniter\CodeIgniter->runController(Object(App\Controllers\Barang))
#10 /opt/lampp/htdocs/belajar-ci/vendor/codeigniter4/framework/system/CodeIgniter.php(361): CodeIgniter\CodeIgniter->handleRequest(NULL, Object(Config\Cache), false)
#11 /opt/lampp/htdocs/belajar-ci/public/index.php(79): CodeIgniter\CodeIgniter->run()
#12 /opt/lampp/htdocs/belajar-ci/vendor/codeigniter4/framework/system/Commands/Server/rewrite.php(47): require_once('/opt/lampp/htdo...')
#13 {main}
CRITICAL - 2024-02-16 02:21:08 --> CodeIgniter\Database\Exceptions\DatabaseException: No database selected
in SYSTEMPATH/Database/BaseConnection.php on line 647.
 1 SYSTEMPATH/Database/BaseBuilder.php(1616): CodeIgniter\Database\BaseConnection->query('SELECT *
FROM `barang`', [], false)
 2 SYSTEMPATH/Model.php(242): CodeIgniter\Database\BaseBuilder->get()
 3 SYSTEMPATH/BaseModel.php(638): CodeIgniter\Model->doFindAll(0, 0)
 4 APPPATH/Models/Barang_model.php(14): CodeIgniter\BaseModel->findAll()
 5 APPPATH/Controllers/Barang.php(14): App\Models\Barang_model->getBarang()
 6 SYSTEMPATH/CodeIgniter.php(941): App\Controllers\Barang->index()
 7 SYSTEMPATH/CodeIgniter.php(502): CodeIgniter\CodeIgniter->runController(Object(App\Controllers\Barang))
 8 SYSTEMPATH/CodeIgniter.php(361): CodeIgniter\CodeIgniter->handleRequest(null, Object(Config\Cache), false)
 9 FCPATH/index.php(79): CodeIgniter\CodeIgniter->run()
10 SYSTEMPATH/Commands/Server/rewrite.php(47): require_once('/opt/lampp/htdocs/belajar-ci/public/index.php')
CRITICAL - 2024-02-16 02:21:08 --> [Caused by] CodeIgniter\Database\Exceptions\DatabaseException: No database selected
in SYSTEMPATH/Database/MySQLi/Connection.php on line 311.
 1 SYSTEMPATH/Database/BaseConnection.php(693): CodeIgniter\Database\MySQLi\Connection->execute('SELECT *
FROM `barang`')
 2 SYSTEMPATH/Database/BaseConnection.php(607): CodeIgniter\Database\BaseConnection->simpleQuery('SELECT *
FROM `barang`')
 3 SYSTEMPATH/Database/BaseBuilder.php(1616): CodeIgniter\Database\BaseConnection->query('SELECT *
FROM `barang`', [], false)
 4 SYSTEMPATH/Model.php(242): CodeIgniter\Database\BaseBuilder->get()
 5 SYSTEMPATH/BaseModel.php(638): CodeIgniter\Model->doFindAll(0, 0)
 6 APPPATH/Models/Barang_model.php(14): CodeIgniter\BaseModel->findAll()
 7 APPPATH/Controllers/Barang.php(14): App\Models\Barang_model->getBarang()
 8 SYSTEMPATH/CodeIgniter.php(941): App\Controllers\Barang->index()
 9 SYSTEMPATH/CodeIgniter.php(502): CodeIgniter\CodeIgniter->runController(Object(App\Controllers\Barang))
10 SYSTEMPATH/CodeIgniter.php(361): CodeIgniter\CodeIgniter->handleRequest(null, Object(Config\Cache), false)
11 FCPATH/index.php(79): CodeIgniter\CodeIgniter->run()
12 SYSTEMPATH/Commands/Server/rewrite.php(47): require_once('/opt/lampp/htdocs/belajar-ci/public/index.php')
CRITICAL - 2024-02-16 02:21:08 --> [Caused by] mysqli_sql_exception: No database selected
in SYSTEMPATH/Database/MySQLi/Connection.php on line 306.
 1 SYSTEMPATH/Database/MySQLi/Connection.php(306): mysqli->query('SELECT *
FROM `barang`', 0)
 2 SYSTEMPATH/Database/BaseConnection.php(693): CodeIgniter\Database\MySQLi\Connection->execute('SELECT *
FROM `barang`')
 3 SYSTEMPATH/Database/BaseConnection.php(607): CodeIgniter\Database\BaseConnection->simpleQuery('SELECT *
FROM `barang`')
 4 SYSTEMPATH/Database/BaseBuilder.php(1616): CodeIgniter\Database\BaseConnection->query('SELECT *
FROM `barang`', [], false)
 5 SYSTEMPATH/Model.php(242): CodeIgniter\Database\BaseBuilder->get()
 6 SYSTEMPATH/BaseModel.php(638): CodeIgniter\Model->doFindAll(0, 0)
 7 APPPATH/Models/Barang_model.php(14): CodeIgniter\BaseModel->findAll()
 8 APPPATH/Controllers/Barang.php(14): App\Models\Barang_model->getBarang()
 9 SYSTEMPATH/CodeIgniter.php(941): App\Controllers\Barang->index()
10 SYSTEMPATH/CodeIgniter.php(502): CodeIgniter\CodeIgniter->runController(Object(App\Controllers\Barang))
11 SYSTEMPATH/CodeIgniter.php(361): CodeIgniter\CodeIgniter->handleRequest(null, Object(Config\Cache), false)
12 FCPATH/index.php(79): CodeIgniter\CodeIgniter->run()
13 SYSTEMPATH/Commands/Server/rewrite.php(47): require_once('/opt/lampp/htdocs/belajar-ci/public/index.php')
ERROR - 2024-02-16 02:22:02 --> mysqli_sql_exception: No database selected in /opt/lampp/htdocs/belajar-ci/vendor/codeigniter4/framework/system/Database/MySQLi/Connection.php:306
Stack trace:
#0 /opt/lampp/htdocs/belajar-ci/vendor/codeigniter4/framework/system/Database/MySQLi/Connection.php(306): mysqli->query('SELECT *\nFROM `...', 0)
#1 /opt/lampp/htdocs/belajar-ci/vendor/codeigniter4/framework/system/Database/BaseConnection.php(693): CodeIgniter\Database\MySQLi\Connection->execute('SELECT *\nFROM `...')
#2 /opt/lampp/htdocs/belajar-ci/vendor/codeigniter4/framework/system/Database/BaseConnection.php(607): CodeIgniter\Database\BaseConnection->simpleQuery('SELECT *\nFROM `...')
#3 /opt/lampp/htdocs/belajar-ci/vendor/codeigniter4/framework/system/Database/BaseBuilder.php(1616): CodeIgniter\Database\BaseConnection->query('SELECT *\nFROM `...', Array, false)
#4 /opt/lampp/htdocs/belajar-ci/vendor/codeigniter4/framework/system/Model.php(242): CodeIgniter\Database\BaseBuilder->get()
#5 /opt/lampp/htdocs/belajar-ci/vendor/codeigniter4/framework/system/BaseModel.php(638): CodeIgniter\Model->doFindAll(0, 0)
#6 /opt/lampp/htdocs/belajar-ci/app/Models/Barang_model.php(14): CodeIgniter\BaseModel->findAll()
#7 /opt/lampp/htdocs/belajar-ci/app/Controllers/Barang.php(14): App\Models\Barang_model->getBarang()
#8 /opt/lampp/htdocs/belajar-ci/vendor/codeigniter4/framework/system/CodeIgniter.php(941): App\Controllers\Barang->index()
#9 /opt/lampp/htdocs/belajar-ci/vendor/codeigniter4/framework/system/CodeIgniter.php(502): CodeIgniter\CodeIgniter->runController(Object(App\Controllers\Barang))
#10 /opt/lampp/htdocs/belajar-ci/vendor/codeigniter4/framework/system/CodeIgniter.php(361): CodeIgniter\CodeIgniter->handleRequest(NULL, Object(Config\Cache), false)
#11 /opt/lampp/htdocs/belajar-ci/public/index.php(79): CodeIgniter\CodeIgniter->run()
#12 /opt/lampp/htdocs/belajar-ci/vendor/codeigniter4/framework/system/Commands/Server/rewrite.php(47): require_once('/opt/lampp/htdo...')
#13 {main}
CRITICAL - 2024-02-16 02:22:02 --> CodeIgniter\Database\Exceptions\DatabaseException: No database selected
in SYSTEMPATH/Database/BaseConnection.php on line 647.
 1 SYSTEMPATH/Database/BaseBuilder.php(1616): CodeIgniter\Database\BaseConnection->query('SELECT *
FROM `barang`', [], false)
 2 SYSTEMPATH/Model.php(242): CodeIgniter\Database\BaseBuilder->get()
 3 SYSTEMPATH/BaseModel.php(638): CodeIgniter\Model->doFindAll(0, 0)
 4 APPPATH/Models/Barang_model.php(14): CodeIgniter\BaseModel->findAll()
 5 APPPATH/Controllers/Barang.php(14): App\Models\Barang_model->getBarang()
 6 SYSTEMPATH/CodeIgniter.php(941): App\Controllers\Barang->index()
 7 SYSTEMPATH/CodeIgniter.php(502): CodeIgniter\CodeIgniter->runController(Object(App\Controllers\Barang))
 8 SYSTEMPATH/CodeIgniter.php(361): CodeIgniter\CodeIgniter->handleRequest(null, Object(Config\Cache), false)
 9 FCPATH/index.php(79): CodeIgniter\CodeIgniter->run()
10 SYSTEMPATH/Commands/Server/rewrite.php(47): require_once('/opt/lampp/htdocs/belajar-ci/public/index.php')
CRITICAL - 2024-02-16 02:22:02 --> [Caused by] CodeIgniter\Database\Exceptions\DatabaseException: No database selected
in SYSTEMPATH/Database/MySQLi/Connection.php on line 311.
 1 SYSTEMPATH/Database/BaseConnection.php(693): CodeIgniter\Database\MySQLi\Connection->execute('SELECT *
FROM `barang`')
 2 SYSTEMPATH/Database/BaseConnection.php(607): CodeIgniter\Database\BaseConnection->simpleQuery('SELECT *
FROM `barang`')
 3 SYSTEMPATH/Database/BaseBuilder.php(1616): CodeIgniter\Database\BaseConnection->query('SELECT *
FROM `barang`', [], false)
 4 SYSTEMPATH/Model.php(242): CodeIgniter\Database\BaseBuilder->get()
 5 SYSTEMPATH/BaseModel.php(638): CodeIgniter\Model->doFindAll(0, 0)
 6 APPPATH/Models/Barang_model.php(14): CodeIgniter\BaseModel->findAll()
 7 APPPATH/Controllers/Barang.php(14): App\Models\Barang_model->getBarang()
 8 SYSTEMPATH/CodeIgniter.php(941): App\Controllers\Barang->index()
 9 SYSTEMPATH/CodeIgniter.php(502): CodeIgniter\CodeIgniter->runController(Object(App\Controllers\Barang))
10 SYSTEMPATH/CodeIgniter.php(361): CodeIgniter\CodeIgniter->handleRequest(null, Object(Config\Cache), false)
11 FCPATH/index.php(79): CodeIgniter\CodeIgniter->run()
12 SYSTEMPATH/Commands/Server/rewrite.php(47): require_once('/opt/lampp/htdocs/belajar-ci/public/index.php')
CRITICAL - 2024-02-16 02:22:02 --> [Caused by] mysqli_sql_exception: No database selected
in SYSTEMPATH/Database/MySQLi/Connection.php on line 306.
 1 SYSTEMPATH/Database/MySQLi/Connection.php(306): mysqli->query('SELECT *
FROM `barang`', 0)
 2 SYSTEMPATH/Database/BaseConnection.php(693): CodeIgniter\Database\MySQLi\Connection->execute('SELECT *
FROM `barang`')
 3 SYSTEMPATH/Database/BaseConnection.php(607): CodeIgniter\Database\BaseConnection->simpleQuery('SELECT *
FROM `barang`')
 4 SYSTEMPATH/Database/BaseBuilder.php(1616): CodeIgniter\Database\BaseConnection->query('SELECT *
FROM `barang`', [], false)
 5 SYSTEMPATH/Model.php(242): CodeIgniter\Database\BaseBuilder->get()
 6 SYSTEMPATH/BaseModel.php(638): CodeIgniter\Model->doFindAll(0, 0)
 7 APPPATH/Models/Barang_model.php(14): CodeIgniter\BaseModel->findAll()
 8 APPPATH/Controllers/Barang.php(14): App\Models\Barang_model->getBarang()
 9 SYSTEMPATH/CodeIgniter.php(941): App\Controllers\Barang->index()
10 SYSTEMPATH/CodeIgniter.php(502): CodeIgniter\CodeIgniter->runController(Object(App\Controllers\Barang))
11 SYSTEMPATH/CodeIgniter.php(361): CodeIgniter\CodeIgniter->handleRequest(null, Object(Config\Cache), false)
12 FCPATH/index.php(79): CodeIgniter\CodeIgniter->run()
13 SYSTEMPATH/Commands/Server/rewrite.php(47): require_once('/opt/lampp/htdocs/belajar-ci/public/index.php')
ERROR - 2024-02-16 02:22:56 --> Error connecting to the database: mysqli_sql_exception: Unknown database 'ci4_barang' in /opt/lampp/htdocs/belajar-ci/vendor/codeigniter4/framework/system/Database/MySQLi/Connection.php:185
Stack trace:
#0 /opt/lampp/htdocs/belajar-ci/vendor/codeigniter4/framework/system/Database/MySQLi/Connection.php(185): mysqli->real_connect('localhost', 'root', '', 'ci4_barang', 3306, '', 0)
#1 /opt/lampp/htdocs/belajar-ci/vendor/codeigniter4/framework/system/Database/BaseConnection.php(392): CodeIgniter\Database\MySQLi\Connection->connect(false)
#2 /opt/lampp/htdocs/belajar-ci/vendor/codeigniter4/framework/system/Database/BaseConnection.php(575): CodeIgniter\Database\BaseConnection->initialize()
#3 /opt/lampp/htdocs/belajar-ci/vendor/codeigniter4/framework/system/Database/BaseBuilder.php(1616): CodeIgniter\Database\BaseConnection->query('SELECT *\nFROM `...', Array, false)
#4 /opt/lampp/htdocs/belajar-ci/vendor/codeigniter4/framework/system/Model.php(242): CodeIgniter\Database\BaseBuilder->get()
#5 /opt/lampp/htdocs/belajar-ci/vendor/codeigniter4/framework/system/BaseModel.php(638): CodeIgniter\Model->doFindAll(0, 0)
#6 /opt/lampp/htdocs/belajar-ci/app/Models/Barang_model.php(14): CodeIgniter\BaseModel->findAll()
#7 /opt/lampp/htdocs/belajar-ci/app/Controllers/Barang.php(14): App\Models\Barang_model->getBarang()
#8 /opt/lampp/htdocs/belajar-ci/vendor/codeigniter4/framework/system/CodeIgniter.php(941): App\Controllers\Barang->index()
#9 /opt/lampp/htdocs/belajar-ci/vendor/codeigniter4/framework/system/CodeIgniter.php(502): CodeIgniter\CodeIgniter->runController(Object(App\Controllers\Barang))
#10 /opt/lampp/htdocs/belajar-ci/vendor/codeigniter4/framework/system/CodeIgniter.php(361): CodeIgniter\CodeIgniter->handleRequest(NULL, Object(Config\Cache), false)
#11 /opt/lampp/htdocs/belajar-ci/public/index.php(79): CodeIgniter\CodeIgniter->run()
#12 /opt/lampp/htdocs/belajar-ci/vendor/codeigniter4/framework/system/Commands/Server/rewrite.php(47): require_once('/opt/lampp/htdo...')
#13 {main}

Next CodeIgniter\Database\Exceptions\DatabaseException: Unknown database 'ci4_barang' in /opt/lampp/htdocs/belajar-ci/vendor/codeigniter4/framework/system/Database/MySQLi/Connection.php:229
Stack trace:
#0 /opt/lampp/htdocs/belajar-ci/vendor/codeigniter4/framework/system/Database/BaseConnection.php(392): CodeIgniter\Database\MySQLi\Connection->connect(false)
#1 /opt/lampp/htdocs/belajar-ci/vendor/codeigniter4/framework/system/Database/BaseConnection.php(575): CodeIgniter\Database\BaseConnection->initialize()
#2 /opt/lampp/htdocs/belajar-ci/vendor/codeigniter4/framework/system/Database/BaseBuilder.php(1616): CodeIgniter\Database\BaseConnection->query('SELECT *\nFROM `...', Array, false)
#3 /opt/lampp/htdocs/belajar-ci/vendor/codeigniter4/framework/system/Model.php(242): CodeIgniter\Database\BaseBuilder->get()
#4 /opt/lampp/htdocs/belajar-ci/vendor/codeigniter4/framework/system/BaseModel.php(638): CodeIgniter\Model->doFindAll(0, 0)
#5 /opt/lampp/htdocs/belajar-ci/app/Models/Barang_model.php(14): CodeIgniter\BaseModel->findAll()
#6 /opt/lampp/htdocs/belajar-ci/app/Controllers/Barang.php(14): App\Models\Barang_model->getBarang()
#7 /opt/lampp/htdocs/belajar-ci/vendor/codeigniter4/framework/system/CodeIgniter.php(941): App\Controllers\Barang->index()
#8 /opt/lampp/htdocs/belajar-ci/vendor/codeigniter4/framework/system/CodeIgniter.php(502): CodeIgniter\CodeIgniter->runController(Object(App\Controllers\Barang))
#9 /opt/lampp/htdocs/belajar-ci/vendor/codeigniter4/framework/system/CodeIgniter.php(361): CodeIgniter\CodeIgniter->handleRequest(NULL, Object(Config\Cache), false)
#10 /opt/lampp/htdocs/belajar-ci/public/index.php(79): CodeIgniter\CodeIgniter->run()
#11 /opt/lampp/htdocs/belajar-ci/vendor/codeigniter4/framework/system/Commands/Server/rewrite.php(47): require_once('/opt/lampp/htdo...')
#12 {main}
CRITICAL - 2024-02-16 02:22:56 --> CodeIgniter\Database\Exceptions\DatabaseException: Unable to connect to the database.
Main connection [MySQLi]: Unknown database 'ci4_barang'
in SYSTEMPATH/Database/BaseConnection.php on line 428.
 1 SYSTEMPATH/Database/BaseConnection.php(575): CodeIgniter\Database\BaseConnection->initialize()
 2 SYSTEMPATH/Database/BaseBuilder.php(1616): CodeIgniter\Database\BaseConnection->query('SELECT *
FROM `barang`', [], false)
 3 SYSTEMPATH/Model.php(242): CodeIgniter\Database\BaseBuilder->get()
 4 SYSTEMPATH/BaseModel.php(638): CodeIgniter\Model->doFindAll(0, 0)
 5 APPPATH/Models/Barang_model.php(14): CodeIgniter\BaseModel->findAll()
 6 APPPATH/Controllers/Barang.php(14): App\Models\Barang_model->getBarang()
 7 SYSTEMPATH/CodeIgniter.php(941): App\Controllers\Barang->index()
 8 SYSTEMPATH/CodeIgniter.php(502): CodeIgniter\CodeIgniter->runController(Object(App\Controllers\Barang))
 9 SYSTEMPATH/CodeIgniter.php(361): CodeIgniter\CodeIgniter->handleRequest(null, Object(Config\Cache), false)
10 FCPATH/index.php(79): CodeIgniter\CodeIgniter->run()
11 SYSTEMPATH/Commands/Server/rewrite.php(47): require_once('/opt/lampp/htdocs/belajar-ci/public/index.php')
ERROR - 2024-02-16 02:22:57 --> Error connecting to the database: mysqli_sql_exception: Unknown database 'ci4_barang' in /opt/lampp/htdocs/belajar-ci/vendor/codeigniter4/framework/system/Database/MySQLi/Connection.php:185
Stack trace:
#0 /opt/lampp/htdocs/belajar-ci/vendor/codeigniter4/framework/system/Database/MySQLi/Connection.php(185): mysqli->real_connect('localhost', 'root', '', 'ci4_barang', 3306, '', 0)
#1 /opt/lampp/htdocs/belajar-ci/vendor/codeigniter4/framework/system/Database/BaseConnection.php(392): CodeIgniter\Database\MySQLi\Connection->connect(false)
#2 /opt/lampp/htdocs/belajar-ci/vendor/codeigniter4/framework/system/Database/BaseConnection.php(575): CodeIgniter\Database\BaseConnection->initialize()
#3 /opt/lampp/htdocs/belajar-ci/vendor/codeigniter4/framework/system/Database/BaseBuilder.php(1616): CodeIgniter\Database\BaseConnection->query('SELECT *\nFROM `...', Array, false)
#4 /opt/lampp/htdocs/belajar-ci/vendor/codeigniter4/framework/system/Model.php(242): CodeIgniter\Database\BaseBuilder->get()
#5 /opt/lampp/htdocs/belajar-ci/vendor/codeigniter4/framework/system/BaseModel.php(638): CodeIgniter\Model->doFindAll(0, 0)
#6 /opt/lampp/htdocs/belajar-ci/app/Models/Barang_model.php(14): CodeIgniter\BaseModel->findAll()
#7 /opt/lampp/htdocs/belajar-ci/app/Controllers/Barang.php(14): App\Models\Barang_model->getBarang()
#8 /opt/lampp/htdocs/belajar-ci/vendor/codeigniter4/framework/system/CodeIgniter.php(941): App\Controllers\Barang->index()
#9 /opt/lampp/htdocs/belajar-ci/vendor/codeigniter4/framework/system/CodeIgniter.php(502): CodeIgniter\CodeIgniter->runController(Object(App\Controllers\Barang))
#10 /opt/lampp/htdocs/belajar-ci/vendor/codeigniter4/framework/system/CodeIgniter.php(361): CodeIgniter\CodeIgniter->handleRequest(NULL, Object(Config\Cache), false)
#11 /opt/lampp/htdocs/belajar-ci/public/index.php(79): CodeIgniter\CodeIgniter->run()
#12 /opt/lampp/htdocs/belajar-ci/vendor/codeigniter4/framework/system/Commands/Server/rewrite.php(47): require_once('/opt/lampp/htdo...')
#13 {main}

Next CodeIgniter\Database\Exceptions\DatabaseException: Unknown database 'ci4_barang' in /opt/lampp/htdocs/belajar-ci/vendor/codeigniter4/framework/system/Database/MySQLi/Connection.php:229
Stack trace:
#0 /opt/lampp/htdocs/belajar-ci/vendor/codeigniter4/framework/system/Database/BaseConnection.php(392): CodeIgniter\Database\MySQLi\Connection->connect(false)
#1 /opt/lampp/htdocs/belajar-ci/vendor/codeigniter4/framework/system/Database/BaseConnection.php(575): CodeIgniter\Database\BaseConnection->initialize()
#2 /opt/lampp/htdocs/belajar-ci/vendor/codeigniter4/framework/system/Database/BaseBuilder.php(1616): CodeIgniter\Database\BaseConnection->query('SELECT *\nFROM `...', Array, false)
#3 /opt/lampp/htdocs/belajar-ci/vendor/codeigniter4/framework/system/Model.php(242): CodeIgniter\Database\BaseBuilder->get()
#4 /opt/lampp/htdocs/belajar-ci/vendor/codeigniter4/framework/system/BaseModel.php(638): CodeIgniter\Model->doFindAll(0, 0)
#5 /opt/lampp/htdocs/belajar-ci/app/Models/Barang_model.php(14): CodeIgniter\BaseModel->findAll()
#6 /opt/lampp/htdocs/belajar-ci/app/Controllers/Barang.php(14): App\Models\Barang_model->getBarang()
#7 /opt/lampp/htdocs/belajar-ci/vendor/codeigniter4/framework/system/CodeIgniter.php(941): App\Controllers\Barang->index()
#8 /opt/lampp/htdocs/belajar-ci/vendor/codeigniter4/framework/system/CodeIgniter.php(502): CodeIgniter\CodeIgniter->runController(Object(App\Controllers\Barang))
#9 /opt/lampp/htdocs/belajar-ci/vendor/codeigniter4/framework/system/CodeIgniter.php(361): CodeIgniter\CodeIgniter->handleRequest(NULL, Object(Config\Cache), false)
#10 /opt/lampp/htdocs/belajar-ci/public/index.php(79): CodeIgniter\CodeIgniter->run()
#11 /opt/lampp/htdocs/belajar-ci/vendor/codeigniter4/framework/system/Commands/Server/rewrite.php(47): require_once('/opt/lampp/htdo...')
#12 {main}
CRITICAL - 2024-02-16 02:22:57 --> CodeIgniter\Database\Exceptions\DatabaseException: Unable to connect to the database.
Main connection [MySQLi]: Unknown database 'ci4_barang'
in SYSTEMPATH/Database/BaseConnection.php on line 428.
 1 SYSTEMPATH/Database/BaseConnection.php(575): CodeIgniter\Database\BaseConnection->initialize()
 2 SYSTEMPATH/Database/BaseBuilder.php(1616): CodeIgniter\Database\BaseConnection->query('SELECT *
FROM `barang`', [], false)
 3 SYSTEMPATH/Model.php(242): CodeIgniter\Database\BaseBuilder->get()
 4 SYSTEMPATH/BaseModel.php(638): CodeIgniter\Model->doFindAll(0, 0)
 5 APPPATH/Models/Barang_model.php(14): CodeIgniter\BaseModel->findAll()
 6 APPPATH/Controllers/Barang.php(14): App\Models\Barang_model->getBarang()
 7 SYSTEMPATH/CodeIgniter.php(941): App\Controllers\Barang->index()
 8 SYSTEMPATH/CodeIgniter.php(502): CodeIgniter\CodeIgniter->runController(Object(App\Controllers\Barang))
 9 SYSTEMPATH/CodeIgniter.php(361): CodeIgniter\CodeIgniter->handleRequest(null, Object(Config\Cache), false)
10 FCPATH/index.php(79): CodeIgniter\CodeIgniter->run()
11 SYSTEMPATH/Commands/Server/rewrite.php(47): require_once('/opt/lampp/htdocs/belajar-ci/public/index.php')
ERROR - 2024-02-16 02:22:57 --> Error connecting to the database: mysqli_sql_exception: Unknown database 'ci4_barang' in /opt/lampp/htdocs/belajar-ci/vendor/codeigniter4/framework/system/Database/MySQLi/Connection.php:185
Stack trace:
#0 /opt/lampp/htdocs/belajar-ci/vendor/codeigniter4/framework/system/Database/MySQLi/Connection.php(185): mysqli->real_connect('localhost', 'root', '', 'ci4_barang', 3306, '', 0)
#1 /opt/lampp/htdocs/belajar-ci/vendor/codeigniter4/framework/system/Database/BaseConnection.php(392): CodeIgniter\Database\MySQLi\Connection->connect(false)
#2 /opt/lampp/htdocs/belajar-ci/vendor/codeigniter4/framework/system/Database/BaseConnection.php(575): CodeIgniter\Database\BaseConnection->initialize()
#3 /opt/lampp/htdocs/belajar-ci/vendor/codeigniter4/framework/system/Database/BaseBuilder.php(1616): CodeIgniter\Database\BaseConnection->query('SELECT *\nFROM `...', Array, false)
#4 /opt/lampp/htdocs/belajar-ci/vendor/codeigniter4/framework/system/Model.php(242): CodeIgniter\Database\BaseBuilder->get()
#5 /opt/lampp/htdocs/belajar-ci/vendor/codeigniter4/framework/system/BaseModel.php(638): CodeIgniter\Model->doFindAll(0, 0)
#6 /opt/lampp/htdocs/belajar-ci/app/Models/Barang_model.php(14): CodeIgniter\BaseModel->findAll()
#7 /opt/lampp/htdocs/belajar-ci/app/Controllers/Barang.php(14): App\Models\Barang_model->getBarang()
#8 /opt/lampp/htdocs/belajar-ci/vendor/codeigniter4/framework/system/CodeIgniter.php(941): App\Controllers\Barang->index()
#9 /opt/lampp/htdocs/belajar-ci/vendor/codeigniter4/framework/system/CodeIgniter.php(502): CodeIgniter\CodeIgniter->runController(Object(App\Controllers\Barang))
#10 /opt/lampp/htdocs/belajar-ci/vendor/codeigniter4/framework/system/CodeIgniter.php(361): CodeIgniter\CodeIgniter->handleRequest(NULL, Object(Config\Cache), false)
#11 /opt/lampp/htdocs/belajar-ci/public/index.php(79): CodeIgniter\CodeIgniter->run()
#12 /opt/lampp/htdocs/belajar-ci/vendor/codeigniter4/framework/system/Commands/Server/rewrite.php(47): require_once('/opt/lampp/htdo...')
#13 {main}

Next CodeIgniter\Database\Exceptions\DatabaseException: Unknown database 'ci4_barang' in /opt/lampp/htdocs/belajar-ci/vendor/codeigniter4/framework/system/Database/MySQLi/Connection.php:229
Stack trace:
#0 /opt/lampp/htdocs/belajar-ci/vendor/codeigniter4/framework/system/Database/BaseConnection.php(392): CodeIgniter\Database\MySQLi\Connection->connect(false)
#1 /opt/lampp/htdocs/belajar-ci/vendor/codeigniter4/framework/system/Database/BaseConnection.php(575): CodeIgniter\Database\BaseConnection->initialize()
#2 /opt/lampp/htdocs/belajar-ci/vendor/codeigniter4/framework/system/Database/BaseBuilder.php(1616): CodeIgniter\Database\BaseConnection->query('SELECT *\nFROM `...', Array, false)
#3 /opt/lampp/htdocs/belajar-ci/vendor/codeigniter4/framework/system/Model.php(242): CodeIgniter\Database\BaseBuilder->get()
#4 /opt/lampp/htdocs/belajar-ci/vendor/codeigniter4/framework/system/BaseModel.php(638): CodeIgniter\Model->doFindAll(0, 0)
#5 /opt/lampp/htdocs/belajar-ci/app/Models/Barang_model.php(14): CodeIgniter\BaseModel->findAll()
#6 /opt/lampp/htdocs/belajar-ci/app/Controllers/Barang.php(14): App\Models\Barang_model->getBarang()
#7 /opt/lampp/htdocs/belajar-ci/vendor/codeigniter4/framework/system/CodeIgniter.php(941): App\Controllers\Barang->index()
#8 /opt/lampp/htdocs/belajar-ci/vendor/codeigniter4/framework/system/CodeIgniter.php(502): CodeIgniter\CodeIgniter->runController(Object(App\Controllers\Barang))
#9 /opt/lampp/htdocs/belajar-ci/vendor/codeigniter4/framework/system/CodeIgniter.php(361): CodeIgniter\CodeIgniter->handleRequest(NULL, Object(Config\Cache), false)
#10 /opt/lampp/htdocs/belajar-ci/public/index.php(79): CodeIgniter\CodeIgniter->run()
#11 /opt/lampp/htdocs/belajar-ci/vendor/codeigniter4/framework/system/Commands/Server/rewrite.php(47): require_once('/opt/lampp/htdo...')
#12 {main}
CRITICAL - 2024-02-16 02:22:57 --> CodeIgniter\Database\Exceptions\DatabaseException: Unable to connect to the database.
Main connection [MySQLi]: Unknown database 'ci4_barang'
in SYSTEMPATH/Database/BaseConnection.php on line 428.
 1 SYSTEMPATH/Database/BaseConnection.php(575): CodeIgniter\Database\BaseConnection->initialize()
 2 SYSTEMPATH/Database/BaseBuilder.php(1616): CodeIgniter\Database\BaseConnection->query('SELECT *
FROM `barang`', [], false)
 3 SYSTEMPATH/Model.php(242): CodeIgniter\Database\BaseBuilder->get()
 4 SYSTEMPATH/BaseModel.php(638): CodeIgniter\Model->doFindAll(0, 0)
 5 APPPATH/Models/Barang_model.php(14): CodeIgniter\BaseModel->findAll()
 6 APPPATH/Controllers/Barang.php(14): App\Models\Barang_model->getBarang()
 7 SYSTEMPATH/CodeIgniter.php(941): App\Controllers\Barang->index()
 8 SYSTEMPATH/CodeIgniter.php(502): CodeIgniter\CodeIgniter->runController(Object(App\Controllers\Barang))
 9 SYSTEMPATH/CodeIgniter.php(361): CodeIgniter\CodeIgniter->handleRequest(null, Object(Config\Cache), false)
10 FCPATH/index.php(79): CodeIgniter\CodeIgniter->run()
11 SYSTEMPATH/Commands/Server/rewrite.php(47): require_once('/opt/lampp/htdocs/belajar-ci/public/index.php')
ERROR - 2024-02-16 02:22:58 --> Error connecting to the database: mysqli_sql_exception: Unknown database 'ci4_barang' in /opt/lampp/htdocs/belajar-ci/vendor/codeigniter4/framework/system/Database/MySQLi/Connection.php:185
Stack trace:
#0 /opt/lampp/htdocs/belajar-ci/vendor/codeigniter4/framework/system/Database/MySQLi/Connection.php(185): mysqli->real_connect('localhost', 'root', '', 'ci4_barang', 3306, '', 0)
#1 /opt/lampp/htdocs/belajar-ci/vendor/codeigniter4/framework/system/Database/BaseConnection.php(392): CodeIgniter\Database\MySQLi\Connection->connect(false)
#2 /opt/lampp/htdocs/belajar-ci/vendor/codeigniter4/framework/system/Database/BaseConnection.php(575): CodeIgniter\Database\BaseConnection->initialize()
#3 /opt/lampp/htdocs/belajar-ci/vendor/codeigniter4/framework/system/Database/BaseBuilder.php(1616): CodeIgniter\Database\BaseConnection->query('SELECT *\nFROM `...', Array, false)
#4 /opt/lampp/htdocs/belajar-ci/vendor/codeigniter4/framework/system/Model.php(242): CodeIgniter\Database\BaseBuilder->get()
#5 /opt/lampp/htdocs/belajar-ci/vendor/codeigniter4/framework/system/BaseModel.php(638): CodeIgniter\Model->doFindAll(0, 0)
#6 /opt/lampp/htdocs/belajar-ci/app/Models/Barang_model.php(14): CodeIgniter\BaseModel->findAll()
#7 /opt/lampp/htdocs/belajar-ci/app/Controllers/Barang.php(14): App\Models\Barang_model->getBarang()
#8 /opt/lampp/htdocs/belajar-ci/vendor/codeigniter4/framework/system/CodeIgniter.php(941): App\Controllers\Barang->index()
#9 /opt/lampp/htdocs/belajar-ci/vendor/codeigniter4/framework/system/CodeIgniter.php(502): CodeIgniter\CodeIgniter->runController(Object(App\Controllers\Barang))
#10 /opt/lampp/htdocs/belajar-ci/vendor/codeigniter4/framework/system/CodeIgniter.php(361): CodeIgniter\CodeIgniter->handleRequest(NULL, Object(Config\Cache), false)
#11 /opt/lampp/htdocs/belajar-ci/public/index.php(79): CodeIgniter\CodeIgniter->run()
#12 /opt/lampp/htdocs/belajar-ci/vendor/codeigniter4/framework/system/Commands/Server/rewrite.php(47): require_once('/opt/lampp/htdo...')
#13 {main}

Next CodeIgniter\Database\Exceptions\DatabaseException: Unknown database 'ci4_barang' in /opt/lampp/htdocs/belajar-ci/vendor/codeigniter4/framework/system/Database/MySQLi/Connection.php:229
Stack trace:
#0 /opt/lampp/htdocs/belajar-ci/vendor/codeigniter4/framework/system/Database/BaseConnection.php(392): CodeIgniter\Database\MySQLi\Connection->connect(false)
#1 /opt/lampp/htdocs/belajar-ci/vendor/codeigniter4/framework/system/Database/BaseConnection.php(575): CodeIgniter\Database\BaseConnection->initialize()
#2 /opt/lampp/htdocs/belajar-ci/vendor/codeigniter4/framework/system/Database/BaseBuilder.php(1616): CodeIgniter\Database\BaseConnection->query('SELECT *\nFROM `...', Array, false)
#3 /opt/lampp/htdocs/belajar-ci/vendor/codeigniter4/framework/system/Model.php(242): CodeIgniter\Database\BaseBuilder->get()
#4 /opt/lampp/htdocs/belajar-ci/vendor/codeigniter4/framework/system/BaseModel.php(638): CodeIgniter\Model->doFindAll(0, 0)
#5 /opt/lampp/htdocs/belajar-ci/app/Models/Barang_model.php(14): CodeIgniter\BaseModel->findAll()
#6 /opt/lampp/htdocs/belajar-ci/app/Controllers/Barang.php(14): App\Models\Barang_model->getBarang()
#7 /opt/lampp/htdocs/belajar-ci/vendor/codeigniter4/framework/system/CodeIgniter.php(941): App\Controllers\Barang->index()
#8 /opt/lampp/htdocs/belajar-ci/vendor/codeigniter4/framework/system/CodeIgniter.php(502): CodeIgniter\CodeIgniter->runController(Object(App\Controllers\Barang))
#9 /opt/lampp/htdocs/belajar-ci/vendor/codeigniter4/framework/system/CodeIgniter.php(361): CodeIgniter\CodeIgniter->handleRequest(NULL, Object(Config\Cache), false)
#10 /opt/lampp/htdocs/belajar-ci/public/index.php(79): CodeIgniter\CodeIgniter->run()
#11 /opt/lampp/htdocs/belajar-ci/vendor/codeigniter4/framework/system/Commands/Server/rewrite.php(47): require_once('/opt/lampp/htdo...')
#12 {main}
CRITICAL - 2024-02-16 02:22:58 --> CodeIgniter\Database\Exceptions\DatabaseException: Unable to connect to the database.
Main connection [MySQLi]: Unknown database 'ci4_barang'
in SYSTEMPATH/Database/BaseConnection.php on line 428.
 1 SYSTEMPATH/Database/BaseConnection.php(575): CodeIgniter\Database\BaseConnection->initialize()
 2 SYSTEMPATH/Database/BaseBuilder.php(1616): CodeIgniter\Database\BaseConnection->query('SELECT *
FROM `barang`', [], false)
 3 SYSTEMPATH/Model.php(242): CodeIgniter\Database\BaseBuilder->get()
 4 SYSTEMPATH/BaseModel.php(638): CodeIgniter\Model->doFindAll(0, 0)
 5 APPPATH/Models/Barang_model.php(14): CodeIgniter\BaseModel->findAll()
 6 APPPATH/Controllers/Barang.php(14): App\Models\Barang_model->getBarang()
 7 SYSTEMPATH/CodeIgniter.php(941): App\Controllers\Barang->index()
 8 SYSTEMPATH/CodeIgniter.php(502): CodeIgniter\CodeIgniter->runController(Object(App\Controllers\Barang))
 9 SYSTEMPATH/CodeIgniter.php(361): CodeIgniter\CodeIgniter->handleRequest(null, Object(Config\Cache), false)
10 FCPATH/index.php(79): CodeIgniter\CodeIgniter->run()
11 SYSTEMPATH/Commands/Server/rewrite.php(47): require_once('/opt/lampp/htdocs/belajar-ci/public/index.php')
ERROR - 2024-02-16 02:22:58 --> Error connecting to the database: mysqli_sql_exception: Unknown database 'ci4_barang' in /opt/lampp/htdocs/belajar-ci/vendor/codeigniter4/framework/system/Database/MySQLi/Connection.php:185
Stack trace:
#0 /opt/lampp/htdocs/belajar-ci/vendor/codeigniter4/framework/system/Database/MySQLi/Connection.php(185): mysqli->real_connect('localhost', 'root', '', 'ci4_barang', 3306, '', 0)
#1 /opt/lampp/htdocs/belajar-ci/vendor/codeigniter4/framework/system/Database/BaseConnection.php(392): CodeIgniter\Database\MySQLi\Connection->connect(false)
#2 /opt/lampp/htdocs/belajar-ci/vendor/codeigniter4/framework/system/Database/BaseConnection.php(575): CodeIgniter\Database\BaseConnection->initialize()
#3 /opt/lampp/htdocs/belajar-ci/vendor/codeigniter4/framework/system/Database/BaseBuilder.php(1616): CodeIgniter\Database\BaseConnection->query('SELECT *\nFROM `...', Array, false)
#4 /opt/lampp/htdocs/belajar-ci/vendor/codeigniter4/framework/system/Model.php(242): CodeIgniter\Database\BaseBuilder->get()
#5 /opt/lampp/htdocs/belajar-ci/vendor/codeigniter4/framework/system/BaseModel.php(638): CodeIgniter\Model->doFindAll(0, 0)
#6 /opt/lampp/htdocs/belajar-ci/app/Models/Barang_model.php(14): CodeIgniter\BaseModel->findAll()
#7 /opt/lampp/htdocs/belajar-ci/app/Controllers/Barang.php(14): App\Models\Barang_model->getBarang()
#8 /opt/lampp/htdocs/belajar-ci/vendor/codeigniter4/framework/system/CodeIgniter.php(941): App\Controllers\Barang->index()
#9 /opt/lampp/htdocs/belajar-ci/vendor/codeigniter4/framework/system/CodeIgniter.php(502): CodeIgniter\CodeIgniter->runController(Object(App\Controllers\Barang))
#10 /opt/lampp/htdocs/belajar-ci/vendor/codeigniter4/framework/system/CodeIgniter.php(361): CodeIgniter\CodeIgniter->handleRequest(NULL, Object(Config\Cache), false)
#11 /opt/lampp/htdocs/belajar-ci/public/index.php(79): CodeIgniter\CodeIgniter->run()
#12 /opt/lampp/htdocs/belajar-ci/vendor/codeigniter4/framework/system/Commands/Server/rewrite.php(47): require_once('/opt/lampp/htdo...')
#13 {main}

Next CodeIgniter\Database\Exceptions\DatabaseException: Unknown database 'ci4_barang' in /opt/lampp/htdocs/belajar-ci/vendor/codeigniter4/framework/system/Database/MySQLi/Connection.php:229
Stack trace:
#0 /opt/lampp/htdocs/belajar-ci/vendor/codeigniter4/framework/system/Database/BaseConnection.php(392): CodeIgniter\Database\MySQLi\Connection->connect(false)
#1 /opt/lampp/htdocs/belajar-ci/vendor/codeigniter4/framework/system/Database/BaseConnection.php(575): CodeIgniter\Database\BaseConnection->initialize()
#2 /opt/lampp/htdocs/belajar-ci/vendor/codeigniter4/framework/system/Database/BaseBuilder.php(1616): CodeIgniter\Database\BaseConnection->query('SELECT *\nFROM `...', Array, false)
#3 /opt/lampp/htdocs/belajar-ci/vendor/codeigniter4/framework/system/Model.php(242): CodeIgniter\Database\BaseBuilder->get()
#4 /opt/lampp/htdocs/belajar-ci/vendor/codeigniter4/framework/system/BaseModel.php(638): CodeIgniter\Model->doFindAll(0, 0)
#5 /opt/lampp/htdocs/belajar-ci/app/Models/Barang_model.php(14): CodeIgniter\BaseModel->findAll()
#6 /opt/lampp/htdocs/belajar-ci/app/Controllers/Barang.php(14): App\Models\Barang_model->getBarang()
#7 /opt/lampp/htdocs/belajar-ci/vendor/codeigniter4/framework/system/CodeIgniter.php(941): App\Controllers\Barang->index()
#8 /opt/lampp/htdocs/belajar-ci/vendor/codeigniter4/framework/system/CodeIgniter.php(502): CodeIgniter\CodeIgniter->runController(Object(App\Controllers\Barang))
#9 /opt/lampp/htdocs/belajar-ci/vendor/codeigniter4/framework/system/CodeIgniter.php(361): CodeIgniter\CodeIgniter->handleRequest(NULL, Object(Config\Cache), false)
#10 /opt/lampp/htdocs/belajar-ci/public/index.php(79): CodeIgniter\CodeIgniter->run()
#11 /opt/lampp/htdocs/belajar-ci/vendor/codeigniter4/framework/system/Commands/Server/rewrite.php(47): require_once('/opt/lampp/htdo...')
#12 {main}
CRITICAL - 2024-02-16 02:22:58 --> CodeIgniter\Database\Exceptions\DatabaseException: Unable to connect to the database.
Main connection [MySQLi]: Unknown database 'ci4_barang'
in SYSTEMPATH/Database/BaseConnection.php on line 428.
 1 SYSTEMPATH/Database/BaseConnection.php(575): CodeIgniter\Database\BaseConnection->initialize()
 2 SYSTEMPATH/Database/BaseBuilder.php(1616): CodeIgniter\Database\BaseConnection->query('SELECT *
FROM `barang`', [], false)
 3 SYSTEMPATH/Model.php(242): CodeIgniter\Database\BaseBuilder->get()
 4 SYSTEMPATH/BaseModel.php(638): CodeIgniter\Model->doFindAll(0, 0)
 5 APPPATH/Models/Barang_model.php(14): CodeIgniter\BaseModel->findAll()
 6 APPPATH/Controllers/Barang.php(14): App\Models\Barang_model->getBarang()
 7 SYSTEMPATH/CodeIgniter.php(941): App\Controllers\Barang->index()
 8 SYSTEMPATH/CodeIgniter.php(502): CodeIgniter\CodeIgniter->runController(Object(App\Controllers\Barang))
 9 SYSTEMPATH/CodeIgniter.php(361): CodeIgniter\CodeIgniter->handleRequest(null, Object(Config\Cache), false)
10 FCPATH/index.php(79): CodeIgniter\CodeIgniter->run()
11 SYSTEMPATH/Commands/Server/rewrite.php(47): require_once('/opt/lampp/htdocs/belajar-ci/public/index.php')
ERROR - 2024-02-16 02:22:58 --> Error connecting to the database: mysqli_sql_exception: Unknown database 'ci4_barang' in /opt/lampp/htdocs/belajar-ci/vendor/codeigniter4/framework/system/Database/MySQLi/Connection.php:185
Stack trace:
#0 /opt/lampp/htdocs/belajar-ci/vendor/codeigniter4/framework/system/Database/MySQLi/Connection.php(185): mysqli->real_connect('localhost', 'root', '', 'ci4_barang', 3306, '', 0)
#1 /opt/lampp/htdocs/belajar-ci/vendor/codeigniter4/framework/system/Database/BaseConnection.php(392): CodeIgniter\Database\MySQLi\Connection->connect(false)
#2 /opt/lampp/htdocs/belajar-ci/vendor/codeigniter4/framework/system/Database/BaseConnection.php(575): CodeIgniter\Database\BaseConnection->initialize()
#3 /opt/lampp/htdocs/belajar-ci/vendor/codeigniter4/framework/system/Database/BaseBuilder.php(1616): CodeIgniter\Database\BaseConnection->query('SELECT *\nFROM `...', Array, false)
#4 /opt/lampp/htdocs/belajar-ci/vendor/codeigniter4/framework/system/Model.php(242): CodeIgniter\Database\BaseBuilder->get()
#5 /opt/lampp/htdocs/belajar-ci/vendor/codeigniter4/framework/system/BaseModel.php(638): CodeIgniter\Model->doFindAll(0, 0)
#6 /opt/lampp/htdocs/belajar-ci/app/Models/Barang_model.php(14): CodeIgniter\BaseModel->findAll()
#7 /opt/lampp/htdocs/belajar-ci/app/Controllers/Barang.php(14): App\Models\Barang_model->getBarang()
#8 /opt/lampp/htdocs/belajar-ci/vendor/codeigniter4/framework/system/CodeIgniter.php(941): App\Controllers\Barang->index()
#9 /opt/lampp/htdocs/belajar-ci/vendor/codeigniter4/framework/system/CodeIgniter.php(502): CodeIgniter\CodeIgniter->runController(Object(App\Controllers\Barang))
#10 /opt/lampp/htdocs/belajar-ci/vendor/codeigniter4/framework/system/CodeIgniter.php(361): CodeIgniter\CodeIgniter->handleRequest(NULL, Object(Config\Cache), false)
#11 /opt/lampp/htdocs/belajar-ci/public/index.php(79): CodeIgniter\CodeIgniter->run()
#12 /opt/lampp/htdocs/belajar-ci/vendor/codeigniter4/framework/system/Commands/Server/rewrite.php(47): require_once('/opt/lampp/htdo...')
#13 {main}

Next CodeIgniter\Database\Exceptions\DatabaseException: Unknown database 'ci4_barang' in /opt/lampp/htdocs/belajar-ci/vendor/codeigniter4/framework/system/Database/MySQLi/Connection.php:229
Stack trace:
#0 /opt/lampp/htdocs/belajar-ci/vendor/codeigniter4/framework/system/Database/BaseConnection.php(392): CodeIgniter\Database\MySQLi\Connection->connect(false)
#1 /opt/lampp/htdocs/belajar-ci/vendor/codeigniter4/framework/system/Database/BaseConnection.php(575): CodeIgniter\Database\BaseConnection->initialize()
#2 /opt/lampp/htdocs/belajar-ci/vendor/codeigniter4/framework/system/Database/BaseBuilder.php(1616): CodeIgniter\Database\BaseConnection->query('SELECT *\nFROM `...', Array, false)
#3 /opt/lampp/htdocs/belajar-ci/vendor/codeigniter4/framework/system/Model.php(242): CodeIgniter\Database\BaseBuilder->get()
#4 /opt/lampp/htdocs/belajar-ci/vendor/codeigniter4/framework/system/BaseModel.php(638): CodeIgniter\Model->doFindAll(0, 0)
#5 /opt/lampp/htdocs/belajar-ci/app/Models/Barang_model.php(14): CodeIgniter\BaseModel->findAll()
#6 /opt/lampp/htdocs/belajar-ci/app/Controllers/Barang.php(14): App\Models\Barang_model->getBarang()
#7 /opt/lampp/htdocs/belajar-ci/vendor/codeigniter4/framework/system/CodeIgniter.php(941): App\Controllers\Barang->index()
#8 /opt/lampp/htdocs/belajar-ci/vendor/codeigniter4/framework/system/CodeIgniter.php(502): CodeIgniter\CodeIgniter->runController(Object(App\Controllers\Barang))
#9 /opt/lampp/htdocs/belajar-ci/vendor/codeigniter4/framework/system/CodeIgniter.php(361): CodeIgniter\CodeIgniter->handleRequest(NULL, Object(Config\Cache), false)
#10 /opt/lampp/htdocs/belajar-ci/public/index.php(79): CodeIgniter\CodeIgniter->run()
#11 /opt/lampp/htdocs/belajar-ci/vendor/codeigniter4/framework/system/Commands/Server/rewrite.php(47): require_once('/opt/lampp/htdo...')
#12 {main}
CRITICAL - 2024-02-16 02:22:58 --> CodeIgniter\Database\Exceptions\DatabaseException: Unable to connect to the database.
Main connection [MySQLi]: Unknown database 'ci4_barang'
in SYSTEMPATH/Database/BaseConnection.php on line 428.
 1 SYSTEMPATH/Database/BaseConnection.php(575): CodeIgniter\Database\BaseConnection->initialize()
 2 SYSTEMPATH/Database/BaseBuilder.php(1616): CodeIgniter\Database\BaseConnection->query('SELECT *
FROM `barang`', [], false)
 3 SYSTEMPATH/Model.php(242): CodeIgniter\Database\BaseBuilder->get()
 4 SYSTEMPATH/BaseModel.php(638): CodeIgniter\Model->doFindAll(0, 0)
 5 APPPATH/Models/Barang_model.php(14): CodeIgniter\BaseModel->findAll()
 6 APPPATH/Controllers/Barang.php(14): App\Models\Barang_model->getBarang()
 7 SYSTEMPATH/CodeIgniter.php(941): App\Controllers\Barang->index()
 8 SYSTEMPATH/CodeIgniter.php(502): CodeIgniter\CodeIgniter->runController(Object(App\Controllers\Barang))
 9 SYSTEMPATH/CodeIgniter.php(361): CodeIgniter\CodeIgniter->handleRequest(null, Object(Config\Cache), false)
10 FCPATH/index.php(79): CodeIgniter\CodeIgniter->run()
11 SYSTEMPATH/Commands/Server/rewrite.php(47): require_once('/opt/lampp/htdocs/belajar-ci/public/index.php')
